<?xml version="1.0" encoding="UTF-8"?>
<testsuite xmlns:xsi="http://www.w3.org/2001/XMLSchema-instance" xsi:noNamespaceSchemaLocation="https://maven.apache.org/surefire/maven-surefire-plugin/xsd/surefire-test-report-3.0.xsd" version="3.0" name="com.blog.docker.dockerspringboot.DockerSpringBootApplicationTests" time="4.483" tests="1" errors="0" skipped="0" failures="0">
  <properties>
[...]
</properties>
  <testcase name="contextLoads" classname="com.blog.docker.dockerspringboot.DockerSpringBootApplicationTests" time="1.087">
    <system-out><![CDATA[22:20:26.908 [main] INFO org.springframework.test.context.support.AnnotationConfigContextLoaderUtils -- Could not detect default configuration classes for test class [com.blog.docker.dockerspringboot.DockerSpringBootApplicationTests]: DockerSpringBootApplicationTests does not declare any static, non-private, non-final, nested classes annotated with @Configuration.
22:20:27.057 [main] INFO org.springframework.boot.test.context.SpringBootTestContextBootstrapper -- Found @SpringBootConfiguration com.blog.docker.dockerspringboot.DockerSpringBootApplication for test class com.blog.docker.dockerspringboot.DockerSpringBootApplicationTests

  .   ____          _            __ _ _
 /\\ / ___'_ __ _ _(_)_ __  __ _ \ \ \ \
( ( )\___ | '_ | '_| | '_ \/ _` | \ \ \ \
 \\/  ___)| |_)| | | | | || (_| |  ) ) ) )
  '  |____| .__|_| |_|_| |_\__, | / / / /
 =========|_|==============|___/=/_/_/_/
 :: Spring Boot ::       (v3.1.8-SNAPSHOT)

2024-01-21T22:20:27.840+01:00  INFO 7063 --- [           main] c.b.d.d.DockerSpringBootApplicationTests : Starting DockerSpringBootApplicationTests using Java 21 with PID 7063 (started by dino in /Users/dino/Documents/docker/java-docker-environment)
2024-01-21T22:20:27.841+01:00  INFO 7063 --- [           main] c.b.d.d.DockerSpringBootApplicationTests : No active profile set, falling back to 1 default profile: "default"
2024-01-21T22:20:29.996+01:00  INFO 7063 --- [           main] c.b.d.d.DockerSpringBootApplicationTests : Started DockerSpringBootApplicationTests in 2.665 seconds (process running for 4.081)
]]></system-out>
    <system-err><![CDATA[WARNING: A Java agent has been loaded dynamically (/Users/dino/.m2/repository/net/bytebuddy/byte-buddy-agent/1.14.11/byte-buddy-agent-1.14.11.jar)
WARNING: If a serviceability tool is in use, please run with -XX:+EnableDynamicAgentLoading to hide this warning
WARNING: If a serviceability tool is not in use, please run with -Djdk.instrument.traceUsage for more information
WARNING: Dynamic loading of agents will be disallowed by default in a future release
]]></system-err>
  </testcase>
</testsuite>